<?xml version="1.0" encoding="UTF-8"?>
<!-- Generated by org.testng.reporters.JUnitReportReporter -->
<testsuite skipped="1" hostname="Anchal" name="TestNgListenerTest" tests="2" failures="0" timestamp="13 Oct 2019 20:34:13 GMT" time="2.874" errors="1">
  <testcase name="testFirst" time="0.000" classname="TestNgListenerTest">
    <skipped/>
  </testcase> <!-- testFirst -->
  <testcase name="setUp" time="2.874" classname="TestNgListenerTest">
    <error type="org.openqa.selenium.SessionNotCreatedException" message="session not created: This version of ChromeDriver only supports Chrome version 75
Build info: version: &#039;3.5.3&#039;, revision: &#039;a88d25fe6b&#039;, time: &#039;2017-08-29T12:42:44.417Z&#039;
System info: host: &#039;ANCHAL&#039;, ip: &#039;192.168.0.26&#039;, os.name: &#039;Windows 10&#039;, os.arch: &#039;amd64&#039;, os.version: &#039;10.0&#039;, java.version: &#039;1.8.0_201&#039;
Driver info: driver.version: ChromeDriver
remote stacktrace: Backtrace:
	Ordinal0 [0x013C1B43+1448771]
	Ordinal0 [0x01345A31+940593]
	Ordinal0 [0x012D2293+467603]
	Ordinal0 [0x0126F27E+62078]
	Ordinal0 [0x0126BBBD+48061]
	Ordinal0 [0x01288D09+167177]
	Ordinal0 [0x012888DD+166109]
	Ordinal0 [0x01286FEB+159723]
	Ordinal0 [0x012709F6+68086]
	Ordinal0 [0x01271990+72080]
	Ordinal0 [0x01271929+71977]
	GetHandleVerifier [0x01502E8C+1172172]
	GetHandleVerifier [0x0145FE55+504469]
	GetHandleVerifier [0x0145FBF0+503856]
	Ordinal0 [0x013CC9C8+1493448]
	GetHandleVerifier [0x0146062A+506474]
	Ordinal0 [0x01357156+1012054]
	Ordinal0 [0x01356FCF+1011663]
	Ordinal0 [0x0136135B+1053531]
	Ordinal0 [0x013614C3+1053891]
	Ordinal0 [0x013604F5+1049845]
	BaseThreadInitThunk [0x75750419+25]
	RtlGetAppContainerNamedObjectPath [0x7752662D+237]
	RtlGetAppContainerNamedObjectPath [0x775265FD+189]
">
      <![CDATA[org.openqa.selenium.SessionNotCreatedException: session not created: This version of ChromeDriver only supports Chrome version 75
Build info: version: '3.5.3', revision: 'a88d25fe6b', time: '2017-08-29T12:42:44.417Z'
System info: host: 'ANCHAL', ip: '192.168.0.26', os.name: 'Windows 10', os.arch: 'amd64', os.version: '10.0', java.version: '1.8.0_201'
Driver info: driver.version: ChromeDriver
remote stacktrace: Backtrace:
Ordinal0 [0x013C1B43+1448771]
Ordinal0 [0x01345A31+940593]
Ordinal0 [0x012D2293+467603]
Ordinal0 [0x0126F27E+62078]
Ordinal0 [0x0126BBBD+48061]
Ordinal0 [0x01288D09+167177]
Ordinal0 [0x012888DD+166109]
Ordinal0 [0x01286FEB+159723]
Ordinal0 [0x012709F6+68086]
Ordinal0 [0x01271990+72080]
Ordinal0 [0x01271929+71977]
GetHandleVerifier [0x01502E8C+1172172]
GetHandleVerifier [0x0145FE55+504469]
GetHandleVerifier [0x0145FBF0+503856]
Ordinal0 [0x013CC9C8+1493448]
GetHandleVerifier [0x0146062A+506474]
Ordinal0 [0x01357156+1012054]
Ordinal0 [0x01356FCF+1011663]
Ordinal0 [0x0136135B+1053531]
Ordinal0 [0x013614C3+1053891]
Ordinal0 [0x013604F5+1049845]
BaseThreadInitThunk [0x75750419+25]
RtlGetAppContainerNamedObjectPath [0x7752662D+237]
RtlGetAppContainerNamedObjectPath [0x775265FD+189]

at sun.reflect.NativeConstructorAccessorImpl.newInstance0(Native Method)
at sun.reflect.NativeConstructorAccessorImpl.newInstance(Unknown Source)
at sun.reflect.DelegatingConstructorAccessorImpl.newInstance(Unknown Source)
at java.lang.reflect.Constructor.newInstance(Unknown Source)
at org.openqa.selenium.remote.W3CHandshakeResponse.lambda$new$0(W3CHandshakeResponse.java:57)
at org.openqa.selenium.remote.W3CHandshakeResponse.lambda$getResponseFunction$2(W3CHandshakeResponse.java:104)
at org.openqa.selenium.remote.ProtocolHandshake.lambda$createSession$24(ProtocolHandshake.java:359)
at java.util.stream.ReferencePipeline$3$1.accept(Unknown Source)
at java.util.Spliterators$ArraySpliterator.tryAdvance(Unknown Source)
at java.util.stream.ReferencePipeline.forEachWithCancel(Unknown Source)
at java.util.stream.AbstractPipeline.copyIntoWithCancel(Unknown Source)
at java.util.stream.AbstractPipeline.copyInto(Unknown Source)
at java.util.stream.AbstractPipeline.wrapAndCopyInto(Unknown Source)
at java.util.stream.FindOps$FindOp.evaluateSequential(Unknown Source)
at java.util.stream.AbstractPipeline.evaluate(Unknown Source)
at java.util.stream.ReferencePipeline.findFirst(Unknown Source)
at org.openqa.selenium.remote.ProtocolHandshake.createSession(ProtocolHandshake.java:362)
at org.openqa.selenium.remote.ProtocolHandshake.createSession(ProtocolHandshake.java:136)
at org.openqa.selenium.remote.HttpCommandExecutor.execute(HttpCommandExecutor.java:142)
at org.openqa.selenium.remote.service.DriverCommandExecutor.execute(DriverCommandExecutor.java:82)
at org.openqa.selenium.remote.RemoteWebDriver.execute(RemoteWebDriver.java:646)
at org.openqa.selenium.remote.RemoteWebDriver.startSession(RemoteWebDriver.java:255)
at org.openqa.selenium.remote.RemoteWebDriver.startSession(RemoteWebDriver.java:237)
at org.openqa.selenium.remote.RemoteWebDriver.<init>(RemoteWebDriver.java:138)
at org.openqa.selenium.chrome.ChromeDriver.<init>(ChromeDriver.java:178)
at org.openqa.selenium.chrome.ChromeDriver.<init>(ChromeDriver.java:167)
at org.openqa.selenium.chrome.ChromeDriver.<init>(ChromeDriver.java:124)
at ClemsBaseTest.setUp(ClemsBaseTest.java:41)
at sun.reflect.NativeMethodAccessorImpl.invoke0(Native Method)
at sun.reflect.NativeMethodAccessorImpl.invoke(Unknown Source)
at sun.reflect.DelegatingMethodAccessorImpl.invoke(Unknown Source)
at java.lang.reflect.Method.invoke(Unknown Source)
at org.testng.internal.MethodInvocationHelper.invokeMethod(MethodInvocationHelper.java:124)
at org.testng.internal.MethodInvocationHelper.invokeMethodConsideringTimeout(MethodInvocationHelper.java:59)
at org.testng.internal.Invoker.invokeConfigurationMethod(Invoker.java:458)
at org.testng.internal.Invoker.invokeConfigurations(Invoker.java:222)
at org.testng.internal.Invoker.invokeMethod(Invoker.java:523)
at org.testng.internal.Invoker.invokeTestMethod(Invoker.java:719)
at org.testng.internal.Invoker.invokeTestMethods(Invoker.java:989)
at org.testng.internal.TestMethodWorker.invokeTestMethods(TestMethodWorker.java:125)
at org.testng.internal.TestMethodWorker.run(TestMethodWorker.java:109)
at org.testng.TestRunner.privateRun(TestRunner.java:648)
at org.testng.TestRunner.run(TestRunner.java:505)
at org.testng.SuiteRunner.runTest(SuiteRunner.java:455)
at org.testng.SuiteRunner.runSequentially(SuiteRunner.java:450)
at org.testng.SuiteRunner.privateRun(SuiteRunner.java:415)
at org.testng.SuiteRunner.run(SuiteRunner.java:364)
at org.testng.SuiteRunnerWorker.runSuite(SuiteRunnerWorker.java:52)
at org.testng.SuiteRunnerWorker.run(SuiteRunnerWorker.java:84)
at org.testng.TestNG.runSuitesSequentially(TestNG.java:1208)
at org.testng.TestNG.runSuitesLocally(TestNG.java:1137)
at org.testng.TestNG.runSuites(TestNG.java:1049)
at org.testng.TestNG.run(TestNG.java:1017)
at org.testng.remote.AbstractRemoteTestNG.run(AbstractRemoteTestNG.java:115)
at org.testng.remote.RemoteTestNG.initAndRun(RemoteTestNG.java:251)
at org.testng.remote.RemoteTestNG.main(RemoteTestNG.java:77)
]]>
    </error>
  </testcase> <!-- setUp -->
</testsuite> <!-- TestNgListenerTest -->
