<?xml version="1.0" encoding="UTF-8"?>
<testng-results skipped="1" failed="0" ignored="0" total="1" passed="0">
  <reporter-output>
  </reporter-output>
  <suite name="Default suite" duration-ms="2792" started-at="2020-03-13T16:52:14Z" finished-at="2020-03-13T16:52:16Z">
    <groups>
    </groups>
    <test name="Default test" duration-ms="2792" started-at="2020-03-13T16:52:14Z" finished-at="2020-03-13T16:52:16Z">
      <class name="loginPageTest">
        <test-method status="FAIL" signature="setUp()[pri:0, instance:loginPageTest@3bfdc050]" name="setUp" is-config="true" duration-ms="2744" started-at="2020-03-13T16:52:14Z" finished-at="2020-03-13T16:52:16Z">
          <exception class="org.openqa.selenium.SessionNotCreatedException">
            <message>
              <![CDATA[session not created: This version of ChromeDriver only supports Chrome version 75
Build info: version: '3.8.1', revision: '6e95a6684b', time: '2017-12-01T18:33:54.468Z'
System info: host: 'ANCHAL', ip: '192.168.0.26', os.name: 'Windows 10', os.arch: 'amd64', os.version: '10.0', java.version: '1.8.0_201'
Driver info: driver.version: ChromeDriver
remote stacktrace: Backtrace:
Ordinal0 [0x010D1B43+1448771]
Ordinal0 [0x01055A31+940593]
Ordinal0 [0x00FE2293+467603]
Ordinal0 [0x00F7F27E+62078]
Ordinal0 [0x00F7BBBD+48061]
Ordinal0 [0x00F98D09+167177]
Ordinal0 [0x00F988DD+166109]
Ordinal0 [0x00F96FEB+159723]
Ordinal0 [0x00F809F6+68086]
Ordinal0 [0x00F81990+72080]
Ordinal0 [0x00F81929+71977]
GetHandleVerifier [0x01212E8C+1172172]
GetHandleVerifier [0x0116FE55+504469]
GetHandleVerifier [0x0116FBF0+503856]
Ordinal0 [0x010DC9C8+1493448]
GetHandleVerifier [0x0117062A+506474]
Ordinal0 [0x01067156+1012054]
Ordinal0 [0x01066FCF+1011663]
Ordinal0 [0x0107135B+1053531]
Ordinal0 [0x010714C3+1053891]
Ordinal0 [0x010704F5+1049845]
BaseThreadInitThunk [0x75EB0419+25]
RtlGetAppContainerNamedObjectPath [0x7777662D+237]
RtlGetAppContainerNamedObjectPath [0x777765FD+189]
]]>
            </message>
            <full-stacktrace>
              <![CDATA[org.openqa.selenium.SessionNotCreatedException: session not created: This version of ChromeDriver only supports Chrome version 75
Build info: version: '3.8.1', revision: '6e95a6684b', time: '2017-12-01T18:33:54.468Z'
System info: host: 'ANCHAL', ip: '192.168.0.26', os.name: 'Windows 10', os.arch: 'amd64', os.version: '10.0', java.version: '1.8.0_201'
Driver info: driver.version: ChromeDriver
remote stacktrace: Backtrace:
Ordinal0 [0x010D1B43+1448771]
Ordinal0 [0x01055A31+940593]
Ordinal0 [0x00FE2293+467603]
Ordinal0 [0x00F7F27E+62078]
Ordinal0 [0x00F7BBBD+48061]
Ordinal0 [0x00F98D09+167177]
Ordinal0 [0x00F988DD+166109]
Ordinal0 [0x00F96FEB+159723]
Ordinal0 [0x00F809F6+68086]
Ordinal0 [0x00F81990+72080]
Ordinal0 [0x00F81929+71977]
GetHandleVerifier [0x01212E8C+1172172]
GetHandleVerifier [0x0116FE55+504469]
GetHandleVerifier [0x0116FBF0+503856]
Ordinal0 [0x010DC9C8+1493448]
GetHandleVerifier [0x0117062A+506474]
Ordinal0 [0x01067156+1012054]
Ordinal0 [0x01066FCF+1011663]
Ordinal0 [0x0107135B+1053531]
Ordinal0 [0x010714C3+1053891]
Ordinal0 [0x010704F5+1049845]
BaseThreadInitThunk [0x75EB0419+25]
RtlGetAppContainerNamedObjectPath [0x7777662D+237]
RtlGetAppContainerNamedObjectPath [0x777765FD+189]

at sun.reflect.NativeConstructorAccessorImpl.newInstance0(Native Method)
at sun.reflect.NativeConstructorAccessorImpl.newInstance(Unknown Source)
at sun.reflect.DelegatingConstructorAccessorImpl.newInstance(Unknown Source)
at java.lang.reflect.Constructor.newInstance(Unknown Source)
at org.openqa.selenium.remote.W3CHandshakeResponse.lambda$new$0(W3CHandshakeResponse.java:57)
at org.openqa.selenium.remote.W3CHandshakeResponse.lambda$getResponseFunction$2(W3CHandshakeResponse.java:104)
at org.openqa.selenium.remote.ProtocolHandshake.lambda$createSession$0(ProtocolHandshake.java:123)
at java.util.stream.ReferencePipeline$3$1.accept(Unknown Source)
at java.util.Spliterators$ArraySpliterator.tryAdvance(Unknown Source)
at java.util.stream.ReferencePipeline.forEachWithCancel(Unknown Source)
at java.util.stream.AbstractPipeline.copyIntoWithCancel(Unknown Source)
at java.util.stream.AbstractPipeline.copyInto(Unknown Source)
at java.util.stream.AbstractPipeline.wrapAndCopyInto(Unknown Source)
at java.util.stream.FindOps$FindOp.evaluateSequential(Unknown Source)
at java.util.stream.AbstractPipeline.evaluate(Unknown Source)
at java.util.stream.ReferencePipeline.findFirst(Unknown Source)
at org.openqa.selenium.remote.ProtocolHandshake.createSession(ProtocolHandshake.java:126)
at org.openqa.selenium.remote.ProtocolHandshake.createSession(ProtocolHandshake.java:73)
at org.openqa.selenium.remote.HttpCommandExecutor.execute(HttpCommandExecutor.java:142)
at org.openqa.selenium.remote.service.DriverCommandExecutor.execute(DriverCommandExecutor.java:83)
at org.openqa.selenium.remote.RemoteWebDriver.execute(RemoteWebDriver.java:601)
at org.openqa.selenium.remote.RemoteWebDriver.startSession(RemoteWebDriver.java:219)
at org.openqa.selenium.remote.RemoteWebDriver.<init>(RemoteWebDriver.java:142)
at org.openqa.selenium.chrome.ChromeDriver.<init>(ChromeDriver.java:181)
at org.openqa.selenium.chrome.ChromeDriver.<init>(ChromeDriver.java:168)
at org.openqa.selenium.chrome.ChromeDriver.<init>(ChromeDriver.java:123)
at ClemsBaseTest.setUp(ClemsBaseTest.java:41)
at sun.reflect.NativeMethodAccessorImpl.invoke0(Native Method)
at sun.reflect.NativeMethodAccessorImpl.invoke(Unknown Source)
at sun.reflect.DelegatingMethodAccessorImpl.invoke(Unknown Source)
at java.lang.reflect.Method.invoke(Unknown Source)
at org.testng.internal.MethodInvocationHelper.invokeMethod(MethodInvocationHelper.java:124)
at org.testng.internal.MethodInvocationHelper.invokeMethodConsideringTimeout(MethodInvocationHelper.java:59)
at org.testng.internal.Invoker.invokeConfigurationMethod(Invoker.java:458)
at org.testng.internal.Invoker.invokeConfigurations(Invoker.java:222)
at org.testng.internal.Invoker.invokeMethod(Invoker.java:523)
at org.testng.internal.Invoker.invokeTestMethod(Invoker.java:719)
at org.testng.internal.Invoker.invokeTestMethods(Invoker.java:989)
at org.testng.internal.TestMethodWorker.invokeTestMethods(TestMethodWorker.java:125)
at org.testng.internal.TestMethodWorker.run(TestMethodWorker.java:109)
at org.testng.TestRunner.privateRun(TestRunner.java:648)
at org.testng.TestRunner.run(TestRunner.java:505)
at org.testng.SuiteRunner.runTest(SuiteRunner.java:455)
at org.testng.SuiteRunner.runSequentially(SuiteRunner.java:450)
at org.testng.SuiteRunner.privateRun(SuiteRunner.java:415)
at org.testng.SuiteRunner.run(SuiteRunner.java:364)
at org.testng.SuiteRunnerWorker.runSuite(SuiteRunnerWorker.java:52)
at org.testng.SuiteRunnerWorker.run(SuiteRunnerWorker.java:84)
at org.testng.TestNG.runSuitesSequentially(TestNG.java:1208)
at org.testng.TestNG.runSuitesLocally(TestNG.java:1137)
at org.testng.TestNG.runSuites(TestNG.java:1049)
at org.testng.TestNG.run(TestNG.java:1017)
at org.testng.remote.AbstractRemoteTestNG.run(AbstractRemoteTestNG.java:115)
at org.testng.remote.RemoteTestNG.initAndRun(RemoteTestNG.java:251)
at org.testng.remote.RemoteTestNG.main(RemoteTestNG.java:77)
]]>
            </full-stacktrace>
          </exception> <!-- org.openqa.selenium.SessionNotCreatedException -->
          <reporter-output>
          </reporter-output>
        </test-method> <!-- setUp -->
        <test-method status="SKIP" signature="LogInTest()[pri:0, instance:loginPageTest@3bfdc050]" name="LogInTest" duration-ms="0" started-at="2020-03-13T16:52:16Z" finished-at="2020-03-13T16:52:16Z">
          <exception class="org.openqa.selenium.SessionNotCreatedException">
            <message>
              <![CDATA[session not created: This version of ChromeDriver only supports Chrome version 75
Build info: version: '3.8.1', revision: '6e95a6684b', time: '2017-12-01T18:33:54.468Z'
System info: host: 'ANCHAL', ip: '192.168.0.26', os.name: 'Windows 10', os.arch: 'amd64', os.version: '10.0', java.version: '1.8.0_201'
Driver info: driver.version: ChromeDriver
remote stacktrace: Backtrace:
Ordinal0 [0x010D1B43+1448771]
Ordinal0 [0x01055A31+940593]
Ordinal0 [0x00FE2293+467603]
Ordinal0 [0x00F7F27E+62078]
Ordinal0 [0x00F7BBBD+48061]
Ordinal0 [0x00F98D09+167177]
Ordinal0 [0x00F988DD+166109]
Ordinal0 [0x00F96FEB+159723]
Ordinal0 [0x00F809F6+68086]
Ordinal0 [0x00F81990+72080]
Ordinal0 [0x00F81929+71977]
GetHandleVerifier [0x01212E8C+1172172]
GetHandleVerifier [0x0116FE55+504469]
GetHandleVerifier [0x0116FBF0+503856]
Ordinal0 [0x010DC9C8+1493448]
GetHandleVerifier [0x0117062A+506474]
Ordinal0 [0x01067156+1012054]
Ordinal0 [0x01066FCF+1011663]
Ordinal0 [0x0107135B+1053531]
Ordinal0 [0x010714C3+1053891]
Ordinal0 [0x010704F5+1049845]
BaseThreadInitThunk [0x75EB0419+25]
RtlGetAppContainerNamedObjectPath [0x7777662D+237]
RtlGetAppContainerNamedObjectPath [0x777765FD+189]
]]>
            </message>
            <full-stacktrace>
              <![CDATA[org.openqa.selenium.SessionNotCreatedException: session not created: This version of ChromeDriver only supports Chrome version 75
Build info: version: '3.8.1', revision: '6e95a6684b', time: '2017-12-01T18:33:54.468Z'
System info: host: 'ANCHAL', ip: '192.168.0.26', os.name: 'Windows 10', os.arch: 'amd64', os.version: '10.0', java.version: '1.8.0_201'
Driver info: driver.version: ChromeDriver
remote stacktrace: Backtrace:
Ordinal0 [0x010D1B43+1448771]
Ordinal0 [0x01055A31+940593]
Ordinal0 [0x00FE2293+467603]
Ordinal0 [0x00F7F27E+62078]
Ordinal0 [0x00F7BBBD+48061]
Ordinal0 [0x00F98D09+167177]
Ordinal0 [0x00F988DD+166109]
Ordinal0 [0x00F96FEB+159723]
Ordinal0 [0x00F809F6+68086]
Ordinal0 [0x00F81990+72080]
Ordinal0 [0x00F81929+71977]
GetHandleVerifier [0x01212E8C+1172172]
GetHandleVerifier [0x0116FE55+504469]
GetHandleVerifier [0x0116FBF0+503856]
Ordinal0 [0x010DC9C8+1493448]
GetHandleVerifier [0x0117062A+506474]
Ordinal0 [0x01067156+1012054]
Ordinal0 [0x01066FCF+1011663]
Ordinal0 [0x0107135B+1053531]
Ordinal0 [0x010714C3+1053891]
Ordinal0 [0x010704F5+1049845]
BaseThreadInitThunk [0x75EB0419+25]
RtlGetAppContainerNamedObjectPath [0x7777662D+237]
RtlGetAppContainerNamedObjectPath [0x777765FD+189]

at sun.reflect.NativeConstructorAccessorImpl.newInstance0(Native Method)
at sun.reflect.NativeConstructorAccessorImpl.newInstance(Unknown Source)
at sun.reflect.DelegatingConstructorAccessorImpl.newInstance(Unknown Source)
at java.lang.reflect.Constructor.newInstance(Unknown Source)
at org.openqa.selenium.remote.W3CHandshakeResponse.lambda$new$0(W3CHandshakeResponse.java:57)
at org.openqa.selenium.remote.W3CHandshakeResponse.lambda$getResponseFunction$2(W3CHandshakeResponse.java:104)
at org.openqa.selenium.remote.ProtocolHandshake.lambda$createSession$0(ProtocolHandshake.java:123)
at java.util.stream.ReferencePipeline$3$1.accept(Unknown Source)
at java.util.Spliterators$ArraySpliterator.tryAdvance(Unknown Source)
at java.util.stream.ReferencePipeline.forEachWithCancel(Unknown Source)
at java.util.stream.AbstractPipeline.copyIntoWithCancel(Unknown Source)
at java.util.stream.AbstractPipeline.copyInto(Unknown Source)
at java.util.stream.AbstractPipeline.wrapAndCopyInto(Unknown Source)
at java.util.stream.FindOps$FindOp.evaluateSequential(Unknown Source)
at java.util.stream.AbstractPipeline.evaluate(Unknown Source)
at java.util.stream.ReferencePipeline.findFirst(Unknown Source)
at org.openqa.selenium.remote.ProtocolHandshake.createSession(ProtocolHandshake.java:126)
at org.openqa.selenium.remote.ProtocolHandshake.createSession(ProtocolHandshake.java:73)
at org.openqa.selenium.remote.HttpCommandExecutor.execute(HttpCommandExecutor.java:142)
at org.openqa.selenium.remote.service.DriverCommandExecutor.execute(DriverCommandExecutor.java:83)
at org.openqa.selenium.remote.RemoteWebDriver.execute(RemoteWebDriver.java:601)
at org.openqa.selenium.remote.RemoteWebDriver.startSession(RemoteWebDriver.java:219)
at org.openqa.selenium.remote.RemoteWebDriver.<init>(RemoteWebDriver.java:142)
at org.openqa.selenium.chrome.ChromeDriver.<init>(ChromeDriver.java:181)
at org.openqa.selenium.chrome.ChromeDriver.<init>(ChromeDriver.java:168)
at org.openqa.selenium.chrome.ChromeDriver.<init>(ChromeDriver.java:123)
at ClemsBaseTest.setUp(ClemsBaseTest.java:41)
at sun.reflect.NativeMethodAccessorImpl.invoke0(Native Method)
at sun.reflect.NativeMethodAccessorImpl.invoke(Unknown Source)
at sun.reflect.DelegatingMethodAccessorImpl.invoke(Unknown Source)
at java.lang.reflect.Method.invoke(Unknown Source)
at org.testng.internal.MethodInvocationHelper.invokeMethod(MethodInvocationHelper.java:124)
at org.testng.internal.MethodInvocationHelper.invokeMethodConsideringTimeout(MethodInvocationHelper.java:59)
at org.testng.internal.Invoker.invokeConfigurationMethod(Invoker.java:458)
at org.testng.internal.Invoker.invokeConfigurations(Invoker.java:222)
at org.testng.internal.Invoker.invokeMethod(Invoker.java:523)
at org.testng.internal.Invoker.invokeTestMethod(Invoker.java:719)
at org.testng.internal.Invoker.invokeTestMethods(Invoker.java:989)
at org.testng.internal.TestMethodWorker.invokeTestMethods(TestMethodWorker.java:125)
at org.testng.internal.TestMethodWorker.run(TestMethodWorker.java:109)
at org.testng.TestRunner.privateRun(TestRunner.java:648)
at org.testng.TestRunner.run(TestRunner.java:505)
at org.testng.SuiteRunner.runTest(SuiteRunner.java:455)
at org.testng.SuiteRunner.runSequentially(SuiteRunner.java:450)
at org.testng.SuiteRunner.privateRun(SuiteRunner.java:415)
at org.testng.SuiteRunner.run(SuiteRunner.java:364)
at org.testng.SuiteRunnerWorker.runSuite(SuiteRunnerWorker.java:52)
at org.testng.SuiteRunnerWorker.run(SuiteRunnerWorker.java:84)
at org.testng.TestNG.runSuitesSequentially(TestNG.java:1208)
at org.testng.TestNG.runSuitesLocally(TestNG.java:1137)
at org.testng.TestNG.runSuites(TestNG.java:1049)
at org.testng.TestNG.run(TestNG.java:1017)
at org.testng.remote.AbstractRemoteTestNG.run(AbstractRemoteTestNG.java:115)
at org.testng.remote.RemoteTestNG.initAndRun(RemoteTestNG.java:251)
at org.testng.remote.RemoteTestNG.main(RemoteTestNG.java:77)
]]>
            </full-stacktrace>
          </exception> <!-- org.openqa.selenium.SessionNotCreatedException -->
          <reporter-output>
          </reporter-output>
        </test-method> <!-- LogInTest -->
        <test-method status="SKIP" signature="tearDown()[pri:0, instance:loginPageTest@3bfdc050]" name="tearDown" is-config="true" duration-ms="0" started-at="2020-03-13T16:52:16Z" finished-at="2020-03-13T16:52:16Z">
          <reporter-output>
          </reporter-output>
        </test-method> <!-- tearDown -->
      </class> <!-- loginPageTest -->
    </test> <!-- Default test -->
  </suite> <!-- Default suite -->
</testng-results>
